C51 COMPILER V9.56.0.0   DHT11                                                             12/18/2019 17:25:24 PAGE 1   


C51 COMPILER V9.56.0.0, COMPILATION OF MODULE DHT11
OBJECT MODULE PLACED IN .\Objects\DHT11.obj
COMPILER INVOKED BY: D:\keil5\C51\BIN\C51.EXE APP\DHT11\DHT11.c OPTIMIZE(8,SPEED) BROWSE INCDIR(.\APP;.\APP\LCD12864;.\A
                    -PP\ds1302;.\APP\24c02;.\APP\ds18b20;.\APP\DHT11;.\APP\key) DEBUG OBJECTEXTEND PRINT(.\Listings\DHT11.lst) OBJECT(.\Objec
                    -ts\DHT11.obj)

line level    source

   1          #include "DHT11.h"
   2          #include "ds18b20.h"
   3          
   4          void Delay10us(uchar b)
   5          {
   6   1              uchar a;
   7   1              for(; b>0; b--)
   8   1              {
   9   2                      for(a=2; a>0; a--);
  10   2              }
  11   1      }
  12          
  13          void DHT11_Rst()//复位DHT11
  14          {
  15   1              DHT11_PORT = 0;
  16   1              Delay1ms(20);
  17   1              DHT11_PORT = 1;
  18   1              Delay10us(3);
  19   1      }
  20          //等待DHT11的回应
  21          //返回1:未检测到DHT11的存在
  22          //返回0:存在
  23          uchar DHT11_Check()
  24          {
  25   1              uchar retry = 0;
  26   1              while(DHT11_PORT && retry<10)
  27   1              {
  28   2                      retry++;
  29   2                      Delay10us(1);
  30   2              }
  31   1              if(retry >= 10) return 1;
  32   1              else retry = 0;
  33   1              while(!DHT11_PORT && retry<10)
  34   1              {
  35   2                      retry++;
  36   2                      Delay10us(1);
  37   2              }       
  38   1              if(retry >= 10) return 1;
  39   1              else return 0;
  40   1      }
  41          //从DHT11读取一个位
  42          //返回值：1/0
  43          uchar DHT11_Read_Bit(void)                       
  44          {
  45   1              uchar retry=0;
  46   1              while(DHT11_PORT && retry<10)//等待变为低电平
  47   1              {
  48   2                      retry++;
  49   2                      Delay10us(1);
  50   2              }
  51   1              retry=0;
  52   1              while(!DHT11_PORT&&retry<100)//等待变高电平
  53   1              {
C51 COMPILER V9.56.0.0   DHT11                                                             12/18/2019 17:25:24 PAGE 2   

  54   2                      retry++;
  55   2                      Delay10us(1);
  56   2              }
  57   1              Delay10us(4);//等待40us
  58   1              if(DHT11_PORT)return 1;
  59   1              else return 0;             
  60   1      }
  61          
  62          //从DHT11读取一个字节
  63          //返回值：读到的数据
  64          uchar DHT11_Read_Byte(void)    
  65          {        
  66   1          uchar i,dat;
  67   1          dat=0;
  68   1              for (i=0;i<8;i++) 
  69   1              {
  70   2                      dat<<=1; 
  71   2                  dat|=DHT11_Read_Bit();
  72   2          }                                               
  73   1          return dat;
  74   1      }
  75          
  76          //从DHT11读取一次数据
  77          //temp:温度值(范围:0~50°)
  78          //humi:湿度值(范围:20%~90%)
  79          //返回值：0,正常;1,读取失败
  80          uchar DHT11_Read_Data(uchar *zhumi)    
  81          {        
  82   1              uchar buf[5];
  83   1              uchar i;
  84   1              DHT11_Rst();
  85   1              if(DHT11_Check()==0)
  86   1              {
  87   2                      for(i=0;i<5;i++)//读取40位数据
  88   2                      {
  89   3                              buf[i]=DHT11_Read_Byte();
  90   3                      }
  91   2                      if((buf[0]+buf[1]+buf[2]+buf[3])==buf[4])
  92   2                      {
  93   3                              *zhumi=buf[0];
  94   3                              //*xhumi=buf[1];
  95   3                      }
  96   2              }else return 1;
  97   1              return 0;           
  98   1      }
  99          
 100          uchar DHT11_Init()
 101          {
 102   1              DHT11_Rst();  //复位DHT11
 103   1              return DHT11_Check();//等待DHT11的回应
 104   1      }
 105          
 106          
 107          
 108          


MODULE INFORMATION:   STATIC OVERLAYABLE
   CODE SIZE        =    245    ----
   CONSTANT SIZE    =   ----    ----
   XDATA SIZE       =   ----    ----
   PDATA SIZE       =   ----    ----
C51 COMPILER V9.56.0.0   DHT11                                                             12/18/2019 17:25:24 PAGE 3   

   DATA SIZE        =   ----       8
   IDATA SIZE       =   ----    ----
   BIT SIZE         =   ----    ----
END OF MODULE INFORMATION.


C51 COMPILATION COMPLETE.  0 WARNING(S),  0 ERROR(S)
