C51 COMPILER V9.56.0.0   DS1302                                                            02/19/2020 05:58:43 PAGE 1   


C51 COMPILER V9.56.0.0, COMPILATION OF MODULE DS1302
OBJECT MODULE PLACED IN .\Objects\ds1302.obj
COMPILER INVOKED BY: D:\keil5\C51\BIN\C51.EXE APP\ds1302\ds1302.c OPTIMIZE(8,SPEED) BROWSE INCDIR(.\APP;.\APP\LCD12864;.
                    -\APP\ds1302;.\APP\24c02;.\APP\ds18b20;.\APP\DHT11;.\APP\key) DEBUG OBJECTEXTEND PRINT(.\Listings\ds1302.lst) OBJECT(.\Ob
                    -jects\ds1302.obj)

line level    source

   1          #include "ds1302.h"
   2          #include "lcd.h"
   3          
   4          uchar code read_addr[]={0x81, 0x83, 0x85, 0x87, 0x89,0x8b,0x8d};//地址
   5          uchar code write_addr[]={0x80, 0x82, 0x84, 0x86, 0x88, 0x8a, 0x8c};
   6          uchar code set[]={0x00,0x21,0x17,0x18,0x12,0x03,0x19};//写入的顺序是 秒，分，时，日，月，星期，年
   7          uchar time[7] = 0;//获取到的时间数组
   8          
   9          void Write_ds1302(uchar addr, uchar dat)
  10          {
  11   1              uchar n;
  12   1              DS_CE = 0;
  13   1              _nop_();
  14   1      
  15   1              DS_SCLK = 0;//先将SCLK置低电平。
  16   1              _nop_();
  17   1              DS_CE = 1; //然后将RST(CE)置高电平。
  18   1              _nop_();
  19   1      
  20   1              for (n=0; n<8; n++)//开始传送八位地址命令
  21   1              {
  22   2                      DS_IO = addr & 0x01;//数据从低位开始传送
  23   2                      addr >>= 1;
  24   2                      DS_SCLK = 1;//数据在上升沿时，DS1302读取数据
  25   2                      _nop_();
  26   2                      DS_SCLK = 0;
  27   2                      _nop_();
  28   2              }
  29   1              for (n=0; n<8; n++)//写入8位数据
  30   1              {
  31   2                      DS_IO = dat & 0x01;
  32   2                      dat >>= 1;
  33   2                      DS_SCLK = 1;//数据在上升沿时，DS1302读取数据
  34   2                      _nop_();
  35   2                      DS_SCLK = 0;
  36   2                      _nop_();        
  37   2              }       
  38   1                       
  39   1              DS_CE = 0;//传送数据结束
  40   1              _nop_();
  41   1      }
  42          
  43          uchar Read_ds1302(uchar addr)
  44          {
  45   1              uchar n,dat,dat1;
  46   1              DS_CE = 0;
  47   1              _nop_();
  48   1      
  49   1              DS_SCLK = 0;//先将SCLK置低电平。
  50   1              _nop_();
  51   1              DS_CE = 1;//然后将RST(CE)置高电平。
  52   1              _nop_();
  53   1      
C51 COMPILER V9.56.0.0   DS1302                                                            02/19/2020 05:58:43 PAGE 2   

  54   1              for(n=0; n<8; n++)//开始传送八位地址命令
  55   1              {
  56   2                      DS_IO = addr & 0x01;//数据从低位开始传送
  57   2                      addr >>= 1;
  58   2                      DS_SCLK = 1;//数据在上升沿时，DS1302读取数据
  59   2                      _nop_();
  60   2                      DS_SCLK = 0;//DS1302下降沿时，放置数据
  61   2                      _nop_();
  62   2              }
  63   1      
  64   1              _nop_();
  65   1              for(n=0; n<8; n++)//读取8位数据
  66   1              {
  67   2                      dat1 = DS_IO;//从最低位开始接收
  68   2                      dat = (dat>>1) | (dat1<<7);
  69   2                      DS_SCLK = 1;
  70   2                      _nop_();
  71   2                      DS_SCLK = 0;//DS1302下降沿时，放置数据
  72   2                      _nop_();
  73   2              }
  74   1      
  75   1              DS_CE = 0;
  76   1              _nop_();        //以下为DS1302复位的稳定时间,必须的。
  77   1              DS_SCLK = 1;
  78   1              _nop_();
  79   1              DS_IO = 0;
  80   1              _nop_();
  81   1              DS_IO = 1;
  82   1              _nop_();
  83   1              return dat;     
  84   1      }
  85          void Init_ds1302()
  86          {
  87   1              uchar i;
  88   1              Write_ds1302(0x8e,0x00);//关闭写保护
  89   1              for(i=0;i<7;i++)
  90   1              {
  91   2                      Write_ds1302(write_addr[i],set[i]);
  92   2              }
  93   1              Write_ds1302(0x8e,0x80);
  94   1      }
  95          
  96          
  97          void Read_ds1302time()//获取时间
  98          {
  99   1              uchar i;
 100   1              for(i=0;i<7;i++)
 101   1              {
 102   2                      time[i]=Read_ds1302(read_addr[i]);
 103   2              }
 104   1      }
 105          


MODULE INFORMATION:   STATIC OVERLAYABLE
   CODE SIZE        =    184    ----
   CONSTANT SIZE    =     21    ----
   XDATA SIZE       =   ----    ----
   PDATA SIZE       =   ----    ----
   DATA SIZE        =      7    ----
   IDATA SIZE       =   ----    ----
   BIT SIZE         =   ----    ----
C51 COMPILER V9.56.0.0   DS1302                                                            02/19/2020 05:58:43 PAGE 3   

END OF MODULE INFORMATION.


C51 COMPILATION COMPLETE.  0 WARNING(S),  0 ERROR(S)
