C51 COMPILER V9.56.0.0   LCD                                                               02/19/2020 05:58:43 PAGE 1   


C51 COMPILER V9.56.0.0, COMPILATION OF MODULE LCD
OBJECT MODULE PLACED IN .\Objects\lcd.obj
COMPILER INVOKED BY: D:\keil5\C51\BIN\C51.EXE APP\LCD12864\lcd.c OPTIMIZE(8,SPEED) BROWSE INCDIR(.\APP;.\APP\LCD12864;.\
                    -APP\ds1302;.\APP\24c02;.\APP\ds18b20;.\APP\DHT11;.\APP\key) DEBUG OBJECTEXTEND PRINT(.\Listings\lcd.lst) OBJECT(.\Object
                    -s\lcd.obj)

line level    source

   1          #include "lcd.h"
   2          #include "ds1302.h"
   3          //#include "DHT11.h"
   4          
   5          /*--  文字:  年  --*/
   6          /*--  宋体12;  此字体下对应的点阵为：宽x高=16x16   --*/
   7          char code nian[] = {0x00,0x20,0x18,0xC7,0x44,0x44,0x44,0x44,0xFC,0x44,0x44,0x44,0x44,0x04,0x00,0x00,
   8                                                  0x04,0x04,0x04,0x07,0x04,0x04,0x04,0x04,0xFF,0x04,0x04,0x04,0x04,0x04,0x04,0x00};
   9          
  10          /*--  文字:  月  --*/
  11          /*--  宋体12;  此字体下对应的点阵为：宽x高=16x16   --*/
  12          char code yue[] = {0x00,0x00,0x00,0xFE,0x22,0x22,0x22,0x22,0x22,0x22,0x22,0x22,0xFE,0x00,0x00,0x00,
  13                                             0x80,0x40,0x30,0x0F,0x02,0x02,0x02,0x02,0x02,0x02,0x42,0x82,0x7F,0x00,0x00,0x00};
  14          
  15          /*--  文字:  日  --*/
  16          /*--  宋体12;  此字体下对应的点阵为：宽x高=16x16   --*/
  17          char code ri[] = {0x00,0x00,0x00,0xFE,0x82,0x82,0x82,0x82,0x82,0x82,0x82,0xFE,0x00,0x00,0x00,0x00,
  18          0x00,0x00,0x00,0xFF,0x40,0x40,0x40,0x40,0x40,0x40,0x40,0xFF,0x00,0x00,0x00,0x00};
  19          
  20          char code mao_hao[]={ 
  21          /*-- 文字: : (冒号） --*/ 
  22          /*-- 宋体 12; 此字体下对应的点阵为：宽 x 高=8x16 --*/ 
  23          0x00,0x00,0x00,0xC0,0xC0,0x00,0x00,0x00,0x00,0x00,0x00,0x30,0x30,0x00,0x00,0x00};
  24          
  25          /*-- 文字: + (加号） --*/ 
  26          /*-- 宋体 12; 此字体下对应的点阵为：宽 x 高=8x16 --*/ 
  27          char code jia_hao[]={0x00,0x80,0x80,0xE0, 0xE0,0x80,0x80,0x00, 0x00,0x00,0x00,0x03, 0x03,0x00,0x00,0x00}; 
             -//-+-
  28          
  29          /*-- 文字: - (减号） --*/ 
  30          /*-- 宋体 12; 此字体下对应的点阵为：宽 x 高=8x16 --*/ 
  31          char code jian_hao[]={0x80,0x80,0x80,0x80, 0x80,0x80,0x80,0x00, 0x00,0x00,0x00,0x00, 0x00,0x00,0x00,0x00};
             - //---
  32          
  33          /*-- 文字: . (点） --*/ 
  34          /*-- 宋体 12; 此字体下对应的点阵为：宽 x 高=8x16 --*/ 
  35          char code dian[]={0x00,0x00,0x00,0x00, 0x00,0x00,0x00,0x00, 0x00,0x00,0x00,0x0C, 0x0C,0x00,0x00,0x00}; //-
             -.-
  36          
  37          /*--  文字:  ℃  --*/
  38          /*--  宋体12;  此字体下对应的点阵为：宽x高=16x16   --*/
  39          char code wendu[]={0x06,0x09,0x09,0xE6,0xF8,0x0C,0x04,0x02,0x02,0x02,0x02,0x02,0x04,0x1E,0x00,0x00,
  40                                                  0x00,0x00,0x00,0x07,0x1F,0x30,0x20,0x40,0x40,0x40,0x40,0x40,0x20,0x10,0x00,0x00};
  41          
  42          /*-- 文字: % (百分号） --*/ 
  43          /*-- 宋体 12; 此字体下对应的点阵为：宽 x 高=8x16 --*/ 
  44          char code baifen_hao[]={0x30,0x30,0x00,0x80, 0xC0,0x60,0x30,0x00, 0x0C,0x06,0x03,0x01, 0x00,0x0C,0x0C,0x00
             -}; //-%-
  45          
  46          /*--  文字:  O  --*/
  47          /*--  宋体12;  此字体下对应的点阵为：宽x高=8x16   --*/
  48          char code O[]={0xE0,0x10,0x08,0x08,0x08,0x10,0xE0,0x00,0x0F,0x10,0x20,0x20,0x20,0x10,0x0F,0x00};
  49          
C51 COMPILER V9.56.0.0   LCD                                                               02/19/2020 05:58:43 PAGE 2   

  50          /*--  文字:  N  --*/
  51          /*--  宋体12;  此字体下对应的点阵为：宽x高=8x16   --*/
  52          char code N[]={0x08,0xF8,0x30,0xC0,0x00,0x08,0xF8,0x08,0x20,0x3F,0x20,0x00,0x07,0x18,0x3F,0x00};
  53          
  54          /*--  文字:  F  --*/
  55          /*--  宋体12;  此字体下对应的点阵为：宽x高=8x16   --*/
  56          char code F[]={0x08,0xF8,0x88,0x88,0xE8,0x08,0x10,0x00,0x20,0x3F,0x20,0x00,0x03,0x00,0x00,0x00};
  57          
  58          ///*--  文字:  一  --*/
  59          ///*--  宋体12;  此字体下对应的点阵为：宽x高=16x16   --*/
  60          //char code one[]={0x80,0x80,0x80,0x80,0x80,0x80,0x80,0x80,0x80,0x80,0x80,0x80,0x80,0x80,0x80,0x00,
  61          //                               0x00,0x00,0x00,0x00,0x00,0x00,0x00,0x00,0x00,0x00,0x00,0x00,0x00,0x00,0x00,0x00};
  62          
  63          ///*--  文字:  二  --*/
  64          ///*--  宋体12;  此字体下对应的点阵为：宽x高=16x16   --*/
  65          //char code two[]={0x00,0x00,0x08,0x08,0x08,0x08,0x08,0x08,0x08,0x08,0x08,0x08,0x08,0x00,0x00,0x00,
  66          //                              0x10,0x10,0x10,0x10,0x10,0x10,0x10,0x10,0x10,0x10,0x10,0x10,0x10,0x10,0x10,0x00};
  67          
  68          ///*--  文字:  三  --*/
  69          ///*--  宋体12;  此字体下对应的点阵为：宽x高=16x16   --*/
  70          //char code three[]={0x00,0x04,0x84,0x84,0x84,0x84,0x84,0x84,0x84,0x84,0x84,0x84,0x84,0x04,0x00,0x00,
  71          //                              0x20,0x20,0x20,0x20,0x20,0x20,0x20,0x20,0x20,0x20,0x20,0x20,0x20,0x20,0x20,0x00};
  72          
  73          ///*--  文字:  四  --*/
  74          ///*--  宋体12;  此字体下对应的点阵为：宽x高=16x16   --*/
  75          //char code four[]={0x00,0xFC,0x04,0x04,0x04,0xFC,0x04,0x04,0x04,0xFC,0x04,0x04,0x04,0xFC,0x00,0x00,
  76          //                              0x00,0x7F,0x28,0x24,0x23,0x20,0x20,0x20,0x20,0x21,0x22,0x22,0x22,0x7F,0x00,0x00};
  77          
  78          ///*--  文字:  五  --*/
  79          ///*--  宋体12;  此字体下对应的点阵为：宽x高=16x16   --*/
  80          //char code five[]={0x00,0x02,0x42,0x42,0x42,0xC2,0x7E,0x42,0x42,0x42,0x42,0xC2,0x02,0x02,0x00,0x00,
  81          //                              0x40,0x40,0x40,0x40,0x78,0x47,0x40,0x40,0x40,0x40,0x40,0x7F,0x40,0x40,0x40,0x00};
  82          
  83          ///*--  文字:  六  --*/
  84          ///*--  宋体12;  此字体下对应的点阵为：宽x高=16x16   --*/
  85          //char code six[]={0x20,0x20,0x20,0x20,0x20,0x20,0x21,0x22,0x2C,0x20,0x20,0x20,0x20,0x20,0x20,0x00,
  86          //                              0x00,0x40,0x20,0x10,0x0C,0x03,0x00,0x00,0x00,0x01,0x02,0x04,0x18,0x60,0x00,0x00};
  87          
  88          char code week[7][32] = {{0x80,0x80,0x80,0x80,0x80,0x80,0x80,0x80,0x80,0x80,0x80,0x80,0x80,0x80,0x80,0x00,
             -0x00,0x00,0x00,0x00,0x00,0x00,0x00,0x00,0x00,0x00,0x00,0x00,0x00,0x00,0x00,0x00},//一
  89                                                          {0x00,0x00,0x08,0x08,0x08,0x08,0x08,0x08,0x08,0x08,0x08,0x08,0x08,0x00,0x00,0x00,0x10,0x10,0x10,0x10
             -,0x10,0x10,0x10,0x10,0x10,0x10,0x10,0x10,0x10,0x10,0x10,0x00},//二
  90                                                          {0x00,0x04,0x84,0x84,0x84,0x84,0x84,0x84,0x84,0x84,0x84,0x84,0x84,0x04,0x00,0x00,0x20,0x20,0x20,0x20
             -,0x20,0x20,0x20,0x20,0x20,0x20,0x20,0x20,0x20,0x20,0x20,0x00},//三
  91                                                          {0x00,0xFC,0x04,0x04,0x04,0xFC,0x04,0x04,0x04,0xFC,0x04,0x04,0x04,0xFC,0x00,0x00,0x00,0x7F,0x28,0x24
             -,0x23,0x20,0x20,0x20,0x20,0x21,0x22,0x22,0x22,0x7F,0x00,0x00},//四
  92                                                          {0x00,0x02,0x42,0x42,0x42,0xC2,0x7E,0x42,0x42,0x42,0x42,0xC2,0x02,0x02,0x00,0x00,0x40,0x40,0x40,0x40
             -,0x78,0x47,0x40,0x40,0x40,0x40,0x40,0x7F,0x40,0x40,0x40,0x00},//五
  93                                                          {0x20,0x20,0x20,0x20,0x20,0x20,0x21,0x22,0x2C,0x20,0x20,0x20,0x20,0x20,0x20,0x00,0x00,0x40,0x20,0x10
             -,0x0C,0x03,0x00,0x00,0x00,0x01,0x02,0x04,0x18,0x60,0x00,0x00},//六
  94                                                          {0x00,0x00,0x00,0xFE,0x82,0x82,0x82,0x82,0x82,0x82,0x82,0xFE,0x00,0x00,0x00,0x00,0x00,0x00,0x00,0xFF
             -,0x40,0x40,0x40,0x40,0x40,0x40,0x40,0xFF,0x00,0x00,0x00,0x00},
  95                                                          };//日
  96          
  97          //char code num0[]={ 
  98          ///*-- 文字: 0 --*/ 
  99          ///*-- 宋体 12; 此字体下对应的点阵为：宽 x 高=8x16 --*/ 
 100          //0x00,0xE0,0x10,0x08,0x08,0x10,0xE0,0x00,0x00,0x0F,0x10,0x20,0x20,0x10,0x0F,0x00};
 101          
 102          //char code num1[]={
 103          ///*-- 文字: 1 --*/ 
 104          ///*-- 宋体 12; 此字体下对应的点阵为：宽 x 高=8x16 --*/ 
C51 COMPILER V9.56.0.0   LCD                                                               02/19/2020 05:58:43 PAGE 3   

 105          //0x00,0x10,0x10,0xF8,0x00,0x00,0x00,0x00,0x00,0x20,0x20,0x3F,0x20,0x20,0x00,0x00 }; 
 106          
 107          //char code num2[]={ 
 108          ///*-- 文字: 2 --*/ 
 109          ///*-- 宋体 12; 此字体下对应的点阵为：宽 x 高=8x16 --*/ 
 110          //0x00,0x70,0x08,0x08,0x08,0x88,0x70,0x00,0x00,0x30,0x28,0x24,0x22,0x21,0x30,0x00 }; 
 111          
 112          //char code num3[]={ 
 113          ///*-- 文字: 3 --*/ 
 114          ///*-- 宋体 12; 此字体下对应的点阵为：宽 x 高=8x16 --*/ 
 115          //0x00,0x30,0x08,0x88,0x88,0x48,0x30,0x00,0x00,0x18,0x20,0x20,0x20,0x11,0x0E,0x00 }; 
 116          
 117          //char code num4[]={ 
 118          ///*-- 文字: 4 --*/ 
 119          ///*-- 宋体 12; 此字体下对应的点阵为：宽 x 高=8x16 --*/ 
 120          //0x00,0x00,0xC0,0x20,0x10,0xF8,0x00,0x00,0x00,0x07,0x04,0x24,0x24,0x3F,0x24,0x00 }; 
 121          
 122          //char code num5[]={ 
 123          ///*-- 文字: 5 --*/ 
 124          ///*-- 宋体 12; 此字体下对应的点阵为：宽 x 高=8x16 --*/ 
 125          //0x00,0xF8,0x08,0x88,0x88,0x08,0x08,0x00,0x00,0x19,0x21,0x20,0x20,0x11,0x0E,0x00 }; 
 126          
 127          //char code num6[]={ 
 128          ///*-- 文字: 6 --*/ 
 129          ///*-- 宋体 12; 此字体下对应的点阵为：宽 x 高=8x16 --*/ 
 130          //0x00,0xE0,0x10,0x88,0x88,0x18,0x00,0x00,0x00,0x0F,0x11,0x20,0x20,0x11,0x0E,0x00 }; 
 131          
 132          //char code num7[]={ 
 133          ///*-- 文字: 7 --*/ 
 134          ///*-- 宋体 12; 此字体下对应的点阵为：宽 x 高=8x16 --*/ 
 135          //0x00,0x38,0x08,0x08,0xC8,0x38,0x08,0x00,0x00,0x00,0x00,0x3F,0x00,0x00,0x00,0x00 }; 
 136          
 137          //char code num8[]={ 
 138          ///*-- 文字: 8 --*/ 
 139          ///*-- 宋体 12; 此字体下对应的点阵为：宽 x 高=8x16 --*/ 
 140          //0x00,0x70,0x88,0x08,0x08,0x88,0x70,0x00,0x00,0x1C,0x22,0x21,0x21,0x22,0x1C,0x00 }; 
 141          
 142          //char code num9[]={ 
 143          ///*-- 文字: 9 --*/ 
 144          ///*-- 宋体 12; 此字体下对应的点阵为：宽 x 高=8x16 --*/ 
 145          //0x00,0xE0,0x10,0x08,0x08,0x10,0xE0,0x00,0x00,0x00,0x31,0x22,0x22,0x11,0x0F,0x00 };
 146          
 147          char code num[10][16] = {{0x00,0xE0,0x10,0x08,0x08,0x10,0xE0,0x00,0x00,0x0F,0x10,0x20,0x20,0x10,0x0F,0x00}
             -,//0
 148                                                      {0x00,0x10,0x10,0xF8,0x00,0x00,0x00,0x00,0x00,0x20,0x20,0x3F,0x20,0x20,0x00,0x00},//1
 149                                                          {0x00,0x70,0x08,0x08,0x08,0x88,0x70,0x00,0x00,0x30,0x28,0x24,0x22,0x21,0x30,0x00},//2
 150                                                          {0x00,0x30,0x08,0x88,0x88,0x48,0x30,0x00,0x00,0x18,0x20,0x20,0x20,0x11,0x0E,0x00},//3
 151                                                          {0x00,0x00,0xC0,0x20,0x10,0xF8,0x00,0x00,0x00,0x07,0x04,0x24,0x24,0x3F,0x24,0x00},//4
 152                                                          {0x00,0xF8,0x08,0x88,0x88,0x08,0x08,0x00,0x00,0x19,0x21,0x20,0x20,0x11,0x0E,0x00},//5
 153                                                          {0x00,0xE0,0x10,0x88,0x88,0x18,0x00,0x00,0x00,0x0F,0x11,0x20,0x20,0x11,0x0E,0x00},//6
 154                                                          {0x00,0x38,0x08,0x08,0xC8,0x38,0x08,0x00,0x00,0x00,0x00,0x3F,0x00,0x00,0x00,0x00},//7
 155                                                          {0x00,0x70,0x88,0x08,0x08,0x88,0x70,0x00,0x00,0x1C,0x22,0x21,0x21,0x22,0x1C,0x00},//8
 156                                                          {0x00,0xE0,0x10,0x08,0x08,0x10,0xE0,0x00,0x00,0x00,0x31,0x22,0x22,0x11,0x0F,0x00},//9
 157                                                    };
 158          
 159                                                     
 160          void Write_command(int data1) //写指令
 161          {
 162   1              char i;
 163   1              L_CS=0;
 164   1              L_RS=0;
 165   1              for(i=0;i<8;i++)
C51 COMPILER V9.56.0.0   LCD                                                               02/19/2020 05:58:43 PAGE 4   

 166   1              {
 167   2                      L_SCLK=0;
 168   2                      if (data1&0x80) L_SDA=1;
 169   2                      else L_SDA=0;
 170   2                      L_SCLK=1;
 171   2                      data1=data1<<=1;
 172   2              }
 173   1      }
 174          
 175          void Write_data(int data1)//写数据
 176          {
 177   1              char i;
 178   1              L_CS=0;
 179   1              L_RS=1;
 180   1              for(i=0;i<8;i++)
 181   1              {
 182   2                      L_SCLK=0;
 183   2                      if (data1&0x80) L_SDA=1;
 184   2                      else L_SDA=0;
 185   2                      L_SCLK=1;
 186   2                      data1=data1<<=1;
 187   2              }
 188   1      }
 189          
 190          void lcd_delay(int i)
 191          {
 192   1              int j,k;
 193   1              for (j=0;j<i;j++)
 194   1                      for (k=0;k<110;k++) ;
 195   1      }
 196          
 197          void Init_lcd()
 198          {
 199   1            L_CS=0;
 200   1            L_RESET=0;  /*低电平复位*/
 201   1                lcd_delay(100);
 202   1            L_RESET=1;  /*复位完毕*/
 203   1                lcd_delay(20);
 204   1            Write_command(0xe2);  /*软复位*/
 205   1                lcd_delay(5);
 206   1            Write_command(0x2c); /*升压步聚 1*/
 207   1                lcd_delay(5);
 208   1            Write_command(0x2e); /*升压步 聚2*/
 209   1                lcd_delay(5);
 210   1            Write_command(0x2f); /*升压步 聚3*/
 211   1                lcd_delay(5);
 212   1            Write_command(0x23); /*粗调对比度， 可设置范围0x20~0x27*/
 213   1                Write_command(0x81); /*微调对 比度*/
 214   1            Write_command(0x28); /*0xla, 微调对比度的值，可设置范围0x00~0x3f*/
 215   1                Write_command(0xa2); /*1/9 偏压比(bias) */
 216   1                Write_command(0xc8); /*行扫描顺序: 从上到下*/
 217   1                Write_command(0xa0); /*列扫描顺序: 从左到右*/
 218   1                Write_command(0x40); /*起始行: 第- -行开始*/
 219   1                Write_command(0xaf); /*开 显示*/
 220   1                L_CS=1;
 221   1      }
 222          
 223          
 224          
 225          void lcd_address(uchar page,uchar column)//lcd定位地址 page 页 column 列
 226          {
 227   1            L_CS=0;
C51 COMPILER V9.56.0.0   LCD                                                               02/19/2020 05:58:43 PAGE 5   

 228   1            column=column-1;
 229   1                page=page-1;
 230   1            Write_command(0xb0+page);
 231   1            Write_command(((column>>4)&0x0f)+0x10);
 232   1                Write_command(column&0x0f);
 233   1      }
 234          
 235          void clear_all()//全屏清屏
 236          {
 237   1            uchar i,j;
 238   1                L_CS=0;
 239   1            for(i=0;i<9;i++)
 240   1                {
 241   2                    lcd_address(1+i,1);
 242   2                        for (j=0;j<132;j++)
 243   2                        {
 244   3                      Write_data(0x00);
 245   3                        }
 246   2                }
 247   1                L_CS=1;
 248   1      }
 249          
 250          //void full_display()//全部显示
 251          //{
 252          //      int i,j;
 253          //      for(i=0;i<8;i++)
 254          //      {
 255          //              L_CS=0;
 256          //              lcd_address(i+1,0);
 257          //              for(j=0;j<128;j++)
 258          //              {
 259          //                      Write_data(0xff);
 260          //              }
 261          //      }
 262          //}
 263          
 264          void display_graphic_16x16(uchar page, uchar column, uchar *dp)
 265          {
 266   1            uchar i,j;
 267   1            L_CS=0;
 268   1            for (j=0;j<2;j++)
 269   1                {     
 270   2                    lcd_address(page+j,column);
 271   2                        for (i=0;i<16;i++)
 272   2                        {
 273   3                      Write_data(*dp);  /*写数据到LCD,靶赐- -个8位的数据后列地址自幼加1*/
 274   3                              dp++;
 275   3                }
 276   2                }
 277   1                L_CS=1;
 278   1      }
 279          
 280          
 281          void display_graphic_8x16(uchar page, uchar column, uchar *dp)
 282          {
 283   1              uchar i,j;
 284   1              L_CS=0;
 285   1              for (j=0;j<2;j++)
 286   1              {
 287   2                      lcd_address(page+j,column);
 288   2                      for (i=0;i<8;i++)
 289   2                      {
C51 COMPILER V9.56.0.0   LCD                                                               02/19/2020 05:58:43 PAGE 6   

 290   3                              Write_data(*dp);
 291   3                              dp++;
 292   3                      }
 293   2              }
 294   1              L_CS=1;
 295   1      }
 296          
 297          void clear_8x16(uchar page, uchar column)
 298          {
 299   1              uchar i,j;
 300   1              L_CS=0;
 301   1              for (j=0;j<2;j++)
 302   1              {
 303   2                      lcd_address(page+j,column);
 304   2                      for (i=0;i<8;i++)
 305   2                      {
 306   3                              Write_data(0x00);
 307   3                      }
 308   2              }
 309   1              L_CS=1;
 310   1      }
 311          
 312          void time_display()
 313          {
 314   1              Read_ds1302time();
 315   1              display_graphic_8x16(1,8*2,&num[(time[6] / 16)][0]);
 316   1              display_graphic_8x16(1,8*3,&num[(time[6] & 0x0f)][0]);
 317   1              display_graphic_16x16(1,16*2,nian);
 318   1              display_graphic_8x16(1,8*6,&num[(time[4] / 16)][0]);
 319   1              display_graphic_8x16(1,8*7,&num[(time[4] & 0x0f)][0]);
 320   1              display_graphic_16x16(1,16*4,yue);
 321   1              display_graphic_8x16(1,8*10,&num[(time[3] / 16)][0]);
 322   1              display_graphic_8x16(1,8*11,&num[(time[3] & 0x0f)][0]);
 323   1              display_graphic_16x16(1,16*6,ri);
 324   1              
 325   1              display_graphic_16x16(1,16*7+2,&week[(time[5] & 0x0f)-1][0]);
 326   1              
 327   1              display_graphic_8x16(3,8*3,&num[(time[2] / 16)][0]);
 328   1              display_graphic_8x16(3,8*4,&num[(time[2] & 0x0f)][0]);
 329   1              display_graphic_8x16(3,8*5,mao_hao);
 330   1              display_graphic_8x16(3,8*6,&num[(time[1] / 16)][0]);
 331   1              display_graphic_8x16(3,8*7,&num[(time[1] & 0x0f)][0]);
 332   1              display_graphic_8x16(3,8*8,mao_hao);
 333   1              display_graphic_8x16(3,8*9,&num[(time[0] / 16)][0]);
 334   1              display_graphic_8x16(3,8*10,&num[(time[0] & 0x0f)][0]);
 335   1              
 336   1      }
 337          
 338          void Ds18b20_display(int temp)
 339          {
 340   1              float tp;  
 341   1              if(temp< 0)                             //当温度值为负数
 342   1              {
 343   2                      display_graphic_8x16(7,8*2,jian_hao);
 344   2                      //因为读取的温度是实际温度的补码，所以减1，再取反求出原码
 345   2                      temp=temp-1;
 346   2                      temp=~temp;
 347   2                      tp=temp;
 348   2                      temp=tp*0.0625*100+0.5; 
 349   2                      //留两个小数点就*100，+0.5是四舍五入，因为C语言浮点数转换为整型的时候把小数点
 350   2                      //后面的数自动去掉，不管是否大于0.5，而+0.5之后大于0.5的就是进1了，小于0.5的就
 351   2                      //算由?.5，还是在小数点后面。
C51 COMPILER V9.56.0.0   LCD                                                               02/19/2020 05:58:43 PAGE 7   

 352   2       
 353   2              }
 354   1              else
 355   1              {                       
 356   2                      display_graphic_8x16(7,8*2,jia_hao);
 357   2                      tp=temp;//因为数据处理有小数点所以将温度赋给一个浮点型变量
 358   2                      //如果温度是正的那么，那么正数的原码就是补码它本身
 359   2                      temp=tp*0.0625*100+0.5; 
 360   2                      //留两个小数点就*100，+0.5是四舍五入，因为C语言浮点数转换为整型的时候把小数点
 361   2                      //后面的数自动去掉，不管是否大于0.5，而+0.5之后大于0.5的就是进1了，小于0.5的就
 362   2                      //算加上0.5，还是在小数点后面。
 363   2              }
 364   1              display_graphic_8x16(7,8*3,&num[temp%10000/1000][0]);
 365   1              display_graphic_8x16(7,8*4,&num[temp%1000/100][0]);
 366   1              display_graphic_8x16(7,8*5,dian);
 367   1              display_graphic_8x16(7,8*6,&num[temp%100/10][0]);
 368   1              //display_graphic_8x16(6,8*5,&num[temp%10][0]);
 369   1              display_graphic_16x16(7,8*7,wendu);
 370   1      }
 371          
 372          //void DHT11_display()
 373          //{
 374          //      uchar zhumidity;
 375          //      DHT11_Read_Data(&zhumidity);
 376          //      display_graphic_8x16(7,8*10,&num[zhumidity/10][0]);
 377          //      display_graphic_8x16(7,8*11,&num[zhumidity%10][0]);
 378          //      //display_graphic_8x16(6,8*11,dian);
 379          //      //display_graphic_8x16(6,8*13,&num[xhumidity/10][0]);
 380          //      //display_graphic_8x16(6,8*12,&num[xhumidity%10][0]);
 381          //      display_graphic_8x16(7,8*12,baifen_hao);
 382          //}
 383          


MODULE INFORMATION:   STATIC OVERLAYABLE
   CODE SIZE        =   1058    ----
   CONSTANT SIZE    =    640    ----
   XDATA SIZE       =   ----    ----
   PDATA SIZE       =   ----    ----
   DATA SIZE        =   ----      12
   IDATA SIZE       =   ----    ----
   BIT SIZE         =   ----    ----
END OF MODULE INFORMATION.


C51 COMPILATION COMPLETE.  0 WARNING(S),  0 ERROR(S)
