C51 COMPILER V9.56.0.0   MAIN                                                              02/19/2020 05:58:43 PAGE 1   


C51 COMPILER V9.56.0.0, COMPILATION OF MODULE MAIN
OBJECT MODULE PLACED IN .\Objects\main.obj
COMPILER INVOKED BY: D:\keil5\C51\BIN\C51.EXE APP\main.c OPTIMIZE(8,SPEED) BROWSE INCDIR(.\APP;.\APP\LCD12864;.\APP\ds13
                    -02;.\APP\24c02;.\APP\ds18b20;.\APP\DHT11;.\APP\key) DEBUG OBJECTEXTEND PRINT(.\Listings\main.lst) OBJECT(.\Objects\main.
                    -obj)

line level    source

   1          #include "main.h"
   2          #include "lcd.h"                        //显示头文件
   3          #include "ds1302.h"                     //温度传感器
   4          #include "24c02.h"                      //存储
   5          #include "ds18b20.h"            //时钟
   6          //#include "DHT11.h"
   7          #include "key.h"                        //按键
   8          
   9          void Delay10ms(unsigned int c)
  10          {
  11   1          unsigned char a,b;
  12   1          for(;c>0;c--)
  13   1              for(b=38;b>0;b--)
  14   1                  for(a=130;a>0;a--);
  15   1      }
  16          
  17          void main(void)
  18          {        
  19   1              uchar b = 50,n=10;
  20   1              TMOD|=0X01;             //选择为定时器0模式，工作方式1，仅用TR0打开启动。
  21   1              TH0 = 0xff;
  22   1              TL0 = 0x9c;
  23   1              ET0 = 1;
  24   1              EA = 1; 
  25   1              Init_lcd();
  26   1              #if ds1302init          //是否初始化时间
                              Init_ds1302();
                      #endif
  29   1              clear_all();
  30   1              display_graphic_8x16(1,1,&num[2][0]);
  31   1              display_graphic_8x16(1,8,&num[0][0]);
  32   1              display_graphic_8x16(3,8*12,O);
  33   1              display_graphic_8x16(3,8*13,F);
  34   1              display_graphic_8x16(3,8*14,F);
  35   1              while(1)
  36   1              {
  37   2                      At24c02Write(1,0x00);
  38   2                      if(At24c02Read(1) == 0x00)
  39   2                              display_graphic_16x16(3,8*14,ri);
  40   2                      Key_Function(Key_Read());               //按键读取函数并实现相应功能
  41   2                      if(n == 10)             //延时控制
  42   2                      {
  43   3                              time_display();   //时间显示函数
  44   3                              n=0;
  45   3                      }
  46   2                      if(b == 50)             //延时控制
  47   2                      {
  48   3                              Ds18b20_display(Ds18b20ReadTemp());     //温度显示函数
  49   3                              //DHT11_display();      //湿度显示函数
  50   3                              b=0;
  51   3                      }
  52   2                      if(clock[2] == 0x01)
  53   2                      {
C51 COMPILER V9.56.0.0   MAIN                                                              02/19/2020 05:58:43 PAGE 2   

  54   3                              if(Alarm_clock[0] == time[2])
  55   3                              {
  56   4                                      if(Alarm_clock[1] == time[1])
  57   4                                      {
  58   5                                              TR0 = 1;
  59   5                                              clear_8x16(3,8*13);
  60   5                                              display_graphic_8x16(3,8*13,F);
  61   5                                              display_graphic_8x16(3,8*14,F);
  62   5                                              clear_8x16(5,8*3);
  63   5                                              clear_8x16(5,8*4);
  64   5                                              clear_8x16(5,8*5);
  65   5                                              clear_8x16(5,8*6);
  66   5                                              clear_8x16(5,8*7);
  67   5                                              clock[2] = 0x00;
  68   5                                              clock[0] = 0x00;
  69   5                                              clock[1] = 0x00;
  70   5                                      }
  71   4                              }
  72   3                      }
  73   2                      Delay10ms(1);
  74   2                      b++;
  75   2                      n++;
  76   2              }
  77   1      }
  78          
  79          void Timer0() interrupt 1
  80          {
  81   1              static uint i;
  82   1              TH0=0xff;       
  83   1              TL0=0x9c;
  84   1              beep = ~beep;
  85   1              i++;
  86   1              if(i==15000)
  87   1              {
  88   2                      i=0;
  89   2                      TR0 = 0;
  90   2              }       
  91   1      }
  92          


MODULE INFORMATION:   STATIC OVERLAYABLE
   CODE SIZE        =    324    ----
   CONSTANT SIZE    =   ----    ----
   XDATA SIZE       =   ----    ----
   PDATA SIZE       =   ----    ----
   DATA SIZE        =      2       2
   IDATA SIZE       =   ----    ----
   BIT SIZE         =   ----    ----
END OF MODULE INFORMATION.


C51 COMPILATION COMPLETE.  0 WARNING(S),  0 ERROR(S)
